2024-03-19 10:17:20.399 [INFO] pid[34513]: http server started listening on [:8000]
2024-03-19 10:17:20.399 [INFO] {b0ecb6e4d908be17ea9a63593a660f67} swagger ui is serving at address: http://127.0.0.1:8000/swagger/
2024-03-19 10:17:20.399 [INFO] {b0ecb6e4d908be17ea9a63593a660f67} openapi specification is serving at address: http://127.0.0.1:8000/api.json

     ADDRESS    | METHOD |     ROUTE      |                         HANDLER                          |           MIDDLEWARE             
----------------|--------|----------------|----------------------------------------------------------|----------------------------------
  :8000,tls:443 | ALL    | /*             | github.com/gogf/gf/v2/net/ghttp.MiddlewareCORS           | GLOBAL MIDDLEWARE                
----------------|--------|----------------|----------------------------------------------------------|----------------------------------
  :8000,tls:443 | ALL    | /api.json      | github.com/gogf/gf/v2/net/ghttp.(*Server).openapiSpec    |                                  
----------------|--------|----------------|----------------------------------------------------------|----------------------------------
  :8000,tls:443 | ALL    | /swagger/*     | github.com/gogf/gf/v2/net/ghttp.(*Server).swaggerUI      | HOOK_BEFORE_SERVE                
----------------|--------|----------------|----------------------------------------------------------|----------------------------------
  :8000,tls:443 | POST   | /system/login  | sims/internal/controller/system.(*ControllerV1).Login    | ghttp.MiddlewareHandlerResponse  
----------------|--------|----------------|----------------------------------------------------------|----------------------------------
  :8000,tls:443 | GET    | /system/logout | sims/internal/controller/system.(*ControllerV1).Logout   | ghttp.MiddlewareHandlerResponse  
----------------|--------|----------------|----------------------------------------------------------|----------------------------------
  :8000,tls:443 | GET    | /user/list     | sims/internal/controller/user.(*ControllerV1).UserSearch | ghttp.MiddlewareHandlerResponse  
                |        |                |                                                          | service.IMiddleware.Auth         
----------------|--------|----------------|----------------------------------------------------------|----------------------------------

2024-03-19 10:24:10.308 [INFO] pid[34513]: all servers shutdown
2024-03-19 10:24:25.877 [INFO] pid[34878]: http server started listening on [:8000]
2024-03-19 10:24:25.877 [INFO] {78cb9bf53c09be17508e603a0603998f} swagger ui is serving at address: http://127.0.0.1:8000/swagger/
2024-03-19 10:24:25.878 [INFO] {78cb9bf53c09be17508e603a0603998f} openapi specification is serving at address: http://127.0.0.1:8000/api.json

     ADDRESS    | METHOD |     ROUTE      |                         HANDLER                          |           MIDDLEWARE             
----------------|--------|----------------|----------------------------------------------------------|----------------------------------
  :8000,tls:443 | ALL    | /*             | github.com/gogf/gf/v2/net/ghttp.MiddlewareCORS           | GLOBAL MIDDLEWARE                
----------------|--------|----------------|----------------------------------------------------------|----------------------------------
  :8000,tls:443 | ALL    | /api.json      | github.com/gogf/gf/v2/net/ghttp.(*Server).openapiSpec    |                                  
----------------|--------|----------------|----------------------------------------------------------|----------------------------------
  :8000,tls:443 | ALL    | /swagger/*     | github.com/gogf/gf/v2/net/ghttp.(*Server).swaggerUI      | HOOK_BEFORE_SERVE                
----------------|--------|----------------|----------------------------------------------------------|----------------------------------
  :8000,tls:443 | POST   | /system/login  | sims/internal/controller/system.(*ControllerV1).Login    | ghttp.MiddlewareHandlerResponse  
----------------|--------|----------------|----------------------------------------------------------|----------------------------------
  :8000,tls:443 | GET    | /system/logout | sims/internal/controller/system.(*ControllerV1).Logout   | ghttp.MiddlewareHandlerResponse  
----------------|--------|----------------|----------------------------------------------------------|----------------------------------
  :8000,tls:443 | GET    | /user/list     | sims/internal/controller/user.(*ControllerV1).UserSearch | ghttp.MiddlewareHandlerResponse  
                |        |                |                                                          | service.IMiddleware.Auth         
----------------|--------|----------------|----------------------------------------------------------|----------------------------------

2024-03-19 10:39:25.667 [INFO] pid[34878]: all servers shutdown
2024-03-19 10:39:28.570 [INFO] pid[35358]: http server started listening on [:8000]
2024-03-19 10:39:28.570 [INFO] {10124a220f0abe17f5e7fb427b7a64ac} swagger ui is serving at address: http://127.0.0.1:8000/swagger/
2024-03-19 10:39:28.571 [INFO] {10124a220f0abe17f5e7fb427b7a64ac} openapi specification is serving at address: http://127.0.0.1:8000/api.json

     ADDRESS    | METHOD |       ROUTE       |                         HANDLER                          |           MIDDLEWARE             
----------------|--------|-------------------|----------------------------------------------------------|----------------------------------
  :8000,tls:443 | ALL    | /*                | github.com/gogf/gf/v2/net/ghttp.MiddlewareCORS           | GLOBAL MIDDLEWARE                
----------------|--------|-------------------|----------------------------------------------------------|----------------------------------
  :8000,tls:443 | ALL    | /api.json         | github.com/gogf/gf/v2/net/ghttp.(*Server).openapiSpec    |                                  
----------------|--------|-------------------|----------------------------------------------------------|----------------------------------
  :8000,tls:443 | POST   | /apisystem/login  | sims/internal/controller/system.(*ControllerV1).Login    | ghttp.MiddlewareHandlerResponse  
----------------|--------|-------------------|----------------------------------------------------------|----------------------------------
  :8000,tls:443 | GET    | /apisystem/logout | sims/internal/controller/system.(*ControllerV1).Logout   | ghttp.MiddlewareHandlerResponse  
----------------|--------|-------------------|----------------------------------------------------------|----------------------------------
  :8000,tls:443 | GET    | /apiuser/list     | sims/internal/controller/user.(*ControllerV1).UserSearch | ghttp.MiddlewareHandlerResponse  
                |        |                   |                                                          | service.IMiddleware.Auth         
----------------|--------|-------------------|----------------------------------------------------------|----------------------------------
  :8000,tls:443 | ALL    | /swagger/*        | github.com/gogf/gf/v2/net/ghttp.(*Server).swaggerUI      | HOOK_BEFORE_SERVE                
----------------|--------|-------------------|----------------------------------------------------------|----------------------------------

2024-03-19 10:40:24.467 [INFO] pid[35358]: all servers shutdown
2024-03-19 10:40:26.378 [INFO] {18ba62971c0abe179f974f54a9585f37} swagger ui is serving at address: http://127.0.0.1:8000/swagger/
2024-03-19 10:40:26.378 [INFO] pid[35423]: http server started listening on [:8000]
2024-03-19 10:40:26.378 [INFO] {18ba62971c0abe179f974f54a9585f37} openapi specification is serving at address: http://127.0.0.1:8000/api.json

     ADDRESS    | METHOD |       ROUTE        |                         HANDLER                          |           MIDDLEWARE             
----------------|--------|--------------------|----------------------------------------------------------|----------------------------------
  :8000,tls:443 | ALL    | /*                 | github.com/gogf/gf/v2/net/ghttp.MiddlewareCORS           | GLOBAL MIDDLEWARE                
----------------|--------|--------------------|----------------------------------------------------------|----------------------------------
  :8000,tls:443 | ALL    | /api.json          | github.com/gogf/gf/v2/net/ghttp.(*Server).openapiSpec    |                                  
----------------|--------|--------------------|----------------------------------------------------------|----------------------------------
  :8000,tls:443 | POST   | /api/system/login  | sims/internal/controller/system.(*ControllerV1).Login    | ghttp.MiddlewareHandlerResponse  
----------------|--------|--------------------|----------------------------------------------------------|----------------------------------
  :8000,tls:443 | GET    | /api/system/logout | sims/internal/controller/system.(*ControllerV1).Logout   | ghttp.MiddlewareHandlerResponse  
----------------|--------|--------------------|----------------------------------------------------------|----------------------------------
  :8000,tls:443 | GET    | /api/user/list     | sims/internal/controller/user.(*ControllerV1).UserSearch | ghttp.MiddlewareHandlerResponse  
                |        |                    |                                                          | service.IMiddleware.Auth         
----------------|--------|--------------------|----------------------------------------------------------|----------------------------------
  :8000,tls:443 | ALL    | /swagger/*         | github.com/gogf/gf/v2/net/ghttp.(*Server).swaggerUI      | HOOK_BEFORE_SERVE                
----------------|--------|--------------------|----------------------------------------------------------|----------------------------------

2024-03-19 15:04:35.061 [INFO] {808f52a68618be176cf1075aab95a22d} swagger ui is serving at address: http://127.0.0.1:8000/swagger/
2024-03-19 15:04:35.061 [INFO] pid[2004]: http server started listening on [:8000]
2024-03-19 15:04:35.062 [INFO] {808f52a68618be176cf1075aab95a22d} openapi specification is serving at address: http://127.0.0.1:8000/api.json

     ADDRESS    | METHOD |       ROUTE        |                         HANDLER                          |           MIDDLEWARE             
----------------|--------|--------------------|----------------------------------------------------------|----------------------------------
  :8000,tls:443 | ALL    | /*                 | github.com/gogf/gf/v2/net/ghttp.MiddlewareCORS           | GLOBAL MIDDLEWARE                
----------------|--------|--------------------|----------------------------------------------------------|----------------------------------
  :8000,tls:443 | ALL    | /api.json          | github.com/gogf/gf/v2/net/ghttp.(*Server).openapiSpec    |                                  
----------------|--------|--------------------|----------------------------------------------------------|----------------------------------
  :8000,tls:443 | POST   | /api/system/login  | sims/internal/controller/system.(*ControllerV1).Login    | ghttp.MiddlewareHandlerResponse  
----------------|--------|--------------------|----------------------------------------------------------|----------------------------------
  :8000,tls:443 | GET    | /api/system/logout | sims/internal/controller/system.(*ControllerV1).Logout   | ghttp.MiddlewareHandlerResponse  
----------------|--------|--------------------|----------------------------------------------------------|----------------------------------
  :8000,tls:443 | GET    | /api/user/list     | sims/internal/controller/user.(*ControllerV1).UserSearch | ghttp.MiddlewareHandlerResponse  
                |        |                    |                                                          | service.IMiddleware.Auth         
----------------|--------|--------------------|----------------------------------------------------------|----------------------------------
  :8000,tls:443 | ALL    | /swagger/*         | github.com/gogf/gf/v2/net/ghttp.(*Server).swaggerUI      | HOOK_BEFORE_SERVE                
----------------|--------|--------------------|----------------------------------------------------------|----------------------------------

2024-03-19 18:23:12.386 [INFO] pid[2004]: all servers shutdown
