2024-03-25 16:31:24.259 [INFO] {089ec5eabef4bf1741e14e089ba6582a} swagger ui is serving at address: http://127.0.0.1:8000/swagger/
2024-03-25 16:31:24.260 [INFO] {089ec5eabef4bf1741e14e089ba6582a} openapi specification is serving at address: http://127.0.0.1:8000/api.json
2024-03-25 16:31:24.259 [INFO] pid[40396]: http server started listening on [:8000]

     ADDRESS    | METHOD |       ROUTE        |                         HANDLER                          |           MIDDLEWARE             
----------------|--------|--------------------|----------------------------------------------------------|----------------------------------
  :8000,tls:443 | ALL    | /*                 | github.com/gogf/gf/v2/net/ghttp.MiddlewareCORS           | GLOBAL MIDDLEWARE                
----------------|--------|--------------------|----------------------------------------------------------|----------------------------------
  :8000,tls:443 | ALL    | /api.json          | github.com/gogf/gf/v2/net/ghttp.(*Server).openapiSpec    |                                  
----------------|--------|--------------------|----------------------------------------------------------|----------------------------------
  :8000,tls:443 | POST   | /api/system/login  | sims/internal/controller/system.(*ControllerV1).Login    | ghttp.MiddlewareHandlerResponse  
----------------|--------|--------------------|----------------------------------------------------------|----------------------------------
  :8000,tls:443 | GET    | /api/system/logout | sims/internal/controller/system.(*ControllerV1).Logout   | ghttp.MiddlewareHandlerResponse  
----------------|--------|--------------------|----------------------------------------------------------|----------------------------------
  :8000,tls:443 | GET    | /api/user/list     | sims/internal/controller/user.(*ControllerV1).UserSearch | ghttp.MiddlewareHandlerResponse  
                |        |                    |                                                          | service.IMiddleware.Auth         
----------------|--------|--------------------|----------------------------------------------------------|----------------------------------
  :8000,tls:443 | ALL    | /swagger/*         | github.com/gogf/gf/v2/net/ghttp.(*Server).swaggerUI      | HOOK_BEFORE_SERVE                
----------------|--------|--------------------|----------------------------------------------------------|----------------------------------

2024-03-25 16:36:02.476 [INFO] pid[40396]: all servers shutdown
2024-03-25 16:36:04.198 [INFO] {28f7641800f5bf1701234e1d1cd935b2} swagger ui is serving at address: http://127.0.0.1:8000/swagger/
2024-03-25 16:36:04.198 [INFO] pid[40668]: http server started listening on [:8000]
2024-03-25 16:36:04.199 [INFO] {28f7641800f5bf1701234e1d1cd935b2} openapi specification is serving at address: http://127.0.0.1:8000/api.json

     ADDRESS    | METHOD |       ROUTE        |                         HANDLER                          |           MIDDLEWARE             
----------------|--------|--------------------|----------------------------------------------------------|----------------------------------
  :8000,tls:443 | ALL    | /*                 | github.com/gogf/gf/v2/net/ghttp.MiddlewareCORS           | GLOBAL MIDDLEWARE                
----------------|--------|--------------------|----------------------------------------------------------|----------------------------------
  :8000,tls:443 | ALL    | /api.json          | github.com/gogf/gf/v2/net/ghttp.(*Server).openapiSpec    |                                  
----------------|--------|--------------------|----------------------------------------------------------|----------------------------------
  :8000,tls:443 | POST   | /api/system/login  | sims/internal/controller/system.(*ControllerV1).Login    | ghttp.MiddlewareHandlerResponse  
----------------|--------|--------------------|----------------------------------------------------------|----------------------------------
  :8000,tls:443 | GET    | /api/system/logout | sims/internal/controller/system.(*ControllerV1).Logout   | ghttp.MiddlewareHandlerResponse  
----------------|--------|--------------------|----------------------------------------------------------|----------------------------------
  :8000,tls:443 | GET    | /api/user/list     | sims/internal/controller/user.(*ControllerV1).UserSearch | ghttp.MiddlewareHandlerResponse  
                |        |                    |                                                          | service.IMiddleware.Auth         
----------------|--------|--------------------|----------------------------------------------------------|----------------------------------
  :8000,tls:443 | ALL    | /swagger/*         | github.com/gogf/gf/v2/net/ghttp.(*Server).swaggerUI      | HOOK_BEFORE_SERVE                
----------------|--------|--------------------|----------------------------------------------------------|----------------------------------

2024-03-25 19:50:51.527 [INFO] pid[4104]: http server started listening on [:8000]
2024-03-25 19:50:51.527 [INFO] {004b9042a1ffbf172e707a74f89d77bd} swagger ui is serving at address: http://127.0.0.1:8000/swagger/
2024-03-25 19:50:51.528 [INFO] {004b9042a1ffbf172e707a74f89d77bd} openapi specification is serving at address: http://127.0.0.1:8000/api.json

     ADDRESS    | METHOD |       ROUTE        |                         HANDLER                          |           MIDDLEWARE             
----------------|--------|--------------------|----------------------------------------------------------|----------------------------------
  :8000,tls:443 | ALL    | /*                 | github.com/gogf/gf/v2/net/ghttp.MiddlewareCORS           | GLOBAL MIDDLEWARE                
----------------|--------|--------------------|----------------------------------------------------------|----------------------------------
  :8000,tls:443 | ALL    | /api.json          | github.com/gogf/gf/v2/net/ghttp.(*Server).openapiSpec    |                                  
----------------|--------|--------------------|----------------------------------------------------------|----------------------------------
  :8000,tls:443 | POST   | /api/system/login  | sims/internal/controller/system.(*ControllerV1).Login    | ghttp.MiddlewareHandlerResponse  
----------------|--------|--------------------|----------------------------------------------------------|----------------------------------
  :8000,tls:443 | GET    | /api/system/logout | sims/internal/controller/system.(*ControllerV1).Logout   | ghttp.MiddlewareHandlerResponse  
----------------|--------|--------------------|----------------------------------------------------------|----------------------------------
  :8000,tls:443 | GET    | /api/user/list     | sims/internal/controller/user.(*ControllerV1).UserSearch | ghttp.MiddlewareHandlerResponse  
                |        |                    |                                                          | service.IMiddleware.Auth         
----------------|--------|--------------------|----------------------------------------------------------|----------------------------------
  :8000,tls:443 | ALL    | /swagger/*         | github.com/gogf/gf/v2/net/ghttp.(*Server).swaggerUI      | HOOK_BEFORE_SERVE                
----------------|--------|--------------------|----------------------------------------------------------|----------------------------------

2024-03-25 21:07:53.219 [INFO] pid[4104]: all servers shutdown
