2024-04-03 15:16:04.293 [INFO] pid[10553]: http server started listening on [:8000]
2024-04-03 15:16:04.293 [INFO] {40fda5a3dbb3c21782fc107246485dc2} swagger ui is serving at address: http://127.0.0.1:8000/swagger/
2024-04-03 15:16:04.293 [INFO] {40fda5a3dbb3c21782fc107246485dc2} openapi specification is serving at address: http://127.0.0.1:8000/api.json

     ADDRESS    | METHOD |       ROUTE        |                         HANDLER                          |           MIDDLEWARE             
----------------|--------|--------------------|----------------------------------------------------------|----------------------------------
  :8000,tls:443 | ALL    | /*                 | github.com/gogf/gf/v2/net/ghttp.MiddlewareCORS           | GLOBAL MIDDLEWARE                
----------------|--------|--------------------|----------------------------------------------------------|----------------------------------
  :8000,tls:443 | ALL    | /api.json          | github.com/gogf/gf/v2/net/ghttp.(*Server).openapiSpec    |                                  
----------------|--------|--------------------|----------------------------------------------------------|----------------------------------
  :8000,tls:443 | POST   | /api/system/login  | sims/internal/controller/system.(*ControllerV1).Login    | ghttp.MiddlewareHandlerResponse  
----------------|--------|--------------------|----------------------------------------------------------|----------------------------------
  :8000,tls:443 | GET    | /api/system/logout | sims/internal/controller/system.(*ControllerV1).Logout   | ghttp.MiddlewareHandlerResponse  
----------------|--------|--------------------|----------------------------------------------------------|----------------------------------
  :8000,tls:443 | GET    | /api/user/list     | sims/internal/controller/user.(*ControllerV1).UserSearch | ghttp.MiddlewareHandlerResponse  
                |        |                    |                                                          | service.IMiddleware.Auth         
----------------|--------|--------------------|----------------------------------------------------------|----------------------------------
  :8000,tls:443 | ALL    | /swagger/*         | github.com/gogf/gf/v2/net/ghttp.(*Server).swaggerUI      | HOOK_BEFORE_SERVE                
----------------|--------|--------------------|----------------------------------------------------------|----------------------------------

2024-04-03 15:16:45.884 [INFO] pid[10553]: all servers shutdown
2024-04-03 15:16:47.476 [INFO] pid[10607]: http server started listening on [:8000]
2024-04-03 15:16:47.476 [INFO] {583dafb0e5b3c2175a9c1133334b7e2b} swagger ui is serving at address: http://127.0.0.1:8000/swagger/
2024-04-03 15:16:47.477 [INFO] {583dafb0e5b3c2175a9c1133334b7e2b} openapi specification is serving at address: http://127.0.0.1:8000/api.json

     ADDRESS    | METHOD |       ROUTE        |                         HANDLER                          |           MIDDLEWARE             
----------------|--------|--------------------|----------------------------------------------------------|----------------------------------
  :8000,tls:443 | ALL    | /*                 | github.com/gogf/gf/v2/net/ghttp.MiddlewareCORS           | GLOBAL MIDDLEWARE                
----------------|--------|--------------------|----------------------------------------------------------|----------------------------------
  :8000,tls:443 | ALL    | /api.json          | github.com/gogf/gf/v2/net/ghttp.(*Server).openapiSpec    |                                  
----------------|--------|--------------------|----------------------------------------------------------|----------------------------------
  :8000,tls:443 | POST   | /api/system/login  | sims/internal/controller/system.(*ControllerV1).Login    | ghttp.MiddlewareHandlerResponse  
----------------|--------|--------------------|----------------------------------------------------------|----------------------------------
  :8000,tls:443 | GET    | /api/system/logout | sims/internal/controller/system.(*ControllerV1).Logout   | ghttp.MiddlewareHandlerResponse  
----------------|--------|--------------------|----------------------------------------------------------|----------------------------------
  :8000,tls:443 | GET    | /api/user/list     | sims/internal/controller/user.(*ControllerV1).UserSearch | ghttp.MiddlewareHandlerResponse  
                |        |                    |                                                          | service.IMiddleware.Auth         
----------------|--------|--------------------|----------------------------------------------------------|----------------------------------
  :8000,tls:443 | ALL    | /swagger/*         | github.com/gogf/gf/v2/net/ghttp.(*Server).swaggerUI      | HOOK_BEFORE_SERVE                
----------------|--------|--------------------|----------------------------------------------------------|----------------------------------

2024-04-03 15:17:59.823 [INFO] pid[10607]: all servers shutdown
2024-04-03 15:18:02.898 [INFO] pid[10663]: http server started listening on [:8000]
2024-04-03 15:18:02.898 [INFO] {008bf440f7b3c217533805110ab04634} swagger ui is serving at address: http://127.0.0.1:8000/swagger/
2024-04-03 15:18:02.898 [INFO] {008bf440f7b3c217533805110ab04634} openapi specification is serving at address: http://127.0.0.1:8000/api.json

     ADDRESS    | METHOD |       ROUTE        |                         HANDLER                          |           MIDDLEWARE             
----------------|--------|--------------------|----------------------------------------------------------|----------------------------------
  :8000,tls:443 | ALL    | /*                 | github.com/gogf/gf/v2/net/ghttp.MiddlewareCORS           | GLOBAL MIDDLEWARE                
----------------|--------|--------------------|----------------------------------------------------------|----------------------------------
  :8000,tls:443 | ALL    | /api.json          | github.com/gogf/gf/v2/net/ghttp.(*Server).openapiSpec    |                                  
----------------|--------|--------------------|----------------------------------------------------------|----------------------------------
  :8000,tls:443 | POST   | /api/system/login  | sims/internal/controller/system.(*ControllerV1).Login    | ghttp.MiddlewareHandlerResponse  
----------------|--------|--------------------|----------------------------------------------------------|----------------------------------
  :8000,tls:443 | GET    | /api/system/logout | sims/internal/controller/system.(*ControllerV1).Logout   | ghttp.MiddlewareHandlerResponse  
----------------|--------|--------------------|----------------------------------------------------------|----------------------------------
  :8000,tls:443 | GET    | /api/user/list     | sims/internal/controller/user.(*ControllerV1).UserSearch | ghttp.MiddlewareHandlerResponse  
                |        |                    |                                                          | service.IMiddleware.Auth         
----------------|--------|--------------------|----------------------------------------------------------|----------------------------------
  :8000,tls:443 | ALL    | /swagger/*         | github.com/gogf/gf/v2/net/ghttp.(*Server).swaggerUI      | HOOK_BEFORE_SERVE                
----------------|--------|--------------------|----------------------------------------------------------|----------------------------------

2024-04-03 15:23:37.051 [INFO] pid[10663]: all servers shutdown
2024-04-03 15:23:40.162 [INFO] {10ac7fc745b4c217b86ea2513ef5e5e1} swagger ui is serving at address: http://127.0.0.1:8000/swagger/
2024-04-03 15:23:40.162 [INFO] pid[10750]: http server started listening on [:8000]
2024-04-03 15:23:40.163 [INFO] {10ac7fc745b4c217b86ea2513ef5e5e1} openapi specification is serving at address: http://127.0.0.1:8000/api.json

     ADDRESS    | METHOD |       ROUTE        |                         HANDLER                          |           MIDDLEWARE             
----------------|--------|--------------------|----------------------------------------------------------|----------------------------------
  :8000,tls:443 | ALL    | /*                 | github.com/gogf/gf/v2/net/ghttp.MiddlewareCORS           | GLOBAL MIDDLEWARE                
----------------|--------|--------------------|----------------------------------------------------------|----------------------------------
  :8000,tls:443 | ALL    | /api.json          | github.com/gogf/gf/v2/net/ghttp.(*Server).openapiSpec    |                                  
----------------|--------|--------------------|----------------------------------------------------------|----------------------------------
  :8000,tls:443 | POST   | /api/system/login  | sims/internal/controller/system.(*ControllerV1).Login    | ghttp.MiddlewareHandlerResponse  
----------------|--------|--------------------|----------------------------------------------------------|----------------------------------
  :8000,tls:443 | GET    | /api/system/logout | sims/internal/controller/system.(*ControllerV1).Logout   | ghttp.MiddlewareHandlerResponse  
----------------|--------|--------------------|----------------------------------------------------------|----------------------------------
  :8000,tls:443 | GET    | /api/user/list     | sims/internal/controller/user.(*ControllerV1).UserSearch | ghttp.MiddlewareHandlerResponse  
                |        |                    |                                                          | service.IMiddleware.Auth         
----------------|--------|--------------------|----------------------------------------------------------|----------------------------------
  :8000,tls:443 | ALL    | /swagger/*         | github.com/gogf/gf/v2/net/ghttp.(*Server).swaggerUI      | HOOK_BEFORE_SERVE                
----------------|--------|--------------------|----------------------------------------------------------|----------------------------------

2024-04-03 16:10:41.721 [INFO] pid[10750]: all servers shutdown
2024-04-03 16:10:44.894 [INFO] pid[19543]: http server started listening on [:8000]
2024-04-03 16:10:44.894 [INFO] {88384276d7b6c2173504af11ab542c9b} swagger ui is serving at address: http://127.0.0.1:8000/swagger/
2024-04-03 16:10:44.895 [INFO] {88384276d7b6c2173504af11ab542c9b} openapi specification is serving at address: http://127.0.0.1:8000/api.json

     ADDRESS    | METHOD |       ROUTE        |                         HANDLER                          |           MIDDLEWARE             
----------------|--------|--------------------|----------------------------------------------------------|----------------------------------
  :8000,tls:443 | ALL    | /*                 | github.com/gogf/gf/v2/net/ghttp.MiddlewareCORS           | GLOBAL MIDDLEWARE                
----------------|--------|--------------------|----------------------------------------------------------|----------------------------------
  :8000,tls:443 | ALL    | /api.json          | github.com/gogf/gf/v2/net/ghttp.(*Server).openapiSpec    |                                  
----------------|--------|--------------------|----------------------------------------------------------|----------------------------------
  :8000,tls:443 | POST   | /api/system/login  | sims/internal/controller/system.(*ControllerV1).Login    | ghttp.MiddlewareHandlerResponse  
----------------|--------|--------------------|----------------------------------------------------------|----------------------------------
  :8000,tls:443 | GET    | /api/system/logout | sims/internal/controller/system.(*ControllerV1).Logout   | ghttp.MiddlewareHandlerResponse  
----------------|--------|--------------------|----------------------------------------------------------|----------------------------------
  :8000,tls:443 | GET    | /api/user/list     | sims/internal/controller/user.(*ControllerV1).UserSearch | ghttp.MiddlewareHandlerResponse  
                |        |                    |                                                          | service.IMiddleware.Auth         
----------------|--------|--------------------|----------------------------------------------------------|----------------------------------
  :8000,tls:443 | ALL    | /swagger/*         | github.com/gogf/gf/v2/net/ghttp.(*Server).swaggerUI      | HOOK_BEFORE_SERVE                
----------------|--------|--------------------|----------------------------------------------------------|----------------------------------

2024-04-03 16:12:27.111 [INFO] pid[19543]: all servers shutdown
2024-04-03 16:12:28.407 [INFO] pid[20004]: http server started listening on [:8000]
2024-04-03 16:12:28.407 [INFO] {b00dbe8fefb6c21792a4127e626e9e2c} swagger ui is serving at address: http://127.0.0.1:8000/swagger/
2024-04-03 16:12:28.408 [INFO] {b00dbe8fefb6c21792a4127e626e9e2c} openapi specification is serving at address: http://127.0.0.1:8000/api.json

     ADDRESS    | METHOD |       ROUTE        |                         HANDLER                          |           MIDDLEWARE             
----------------|--------|--------------------|----------------------------------------------------------|----------------------------------
  :8000,tls:443 | ALL    | /*                 | github.com/gogf/gf/v2/net/ghttp.MiddlewareCORS           | GLOBAL MIDDLEWARE                
----------------|--------|--------------------|----------------------------------------------------------|----------------------------------
  :8000,tls:443 | ALL    | /api.json          | github.com/gogf/gf/v2/net/ghttp.(*Server).openapiSpec    |                                  
----------------|--------|--------------------|----------------------------------------------------------|----------------------------------
  :8000,tls:443 | POST   | /api/system/login  | sims/internal/controller/system.(*ControllerV1).Login    | ghttp.MiddlewareHandlerResponse  
----------------|--------|--------------------|----------------------------------------------------------|----------------------------------
  :8000,tls:443 | GET    | /api/system/logout | sims/internal/controller/system.(*ControllerV1).Logout   | ghttp.MiddlewareHandlerResponse  
----------------|--------|--------------------|----------------------------------------------------------|----------------------------------
  :8000,tls:443 | GET    | /api/user/list     | sims/internal/controller/user.(*ControllerV1).UserSearch | ghttp.MiddlewareHandlerResponse  
                |        |                    |                                                          | service.IMiddleware.Auth         
----------------|--------|--------------------|----------------------------------------------------------|----------------------------------
  :8000,tls:443 | ALL    | /swagger/*         | github.com/gogf/gf/v2/net/ghttp.(*Server).swaggerUI      | HOOK_BEFORE_SERVE                
----------------|--------|--------------------|----------------------------------------------------------|----------------------------------

2024-04-03 16:15:53.205 [INFO] pid[20004]: all servers shutdown
2024-04-03 16:16:59.561 [INFO] {b86e93b22eb7c217f2b6785d23034dc2} swagger ui is serving at address: http://127.0.0.1:8000/swagger/
2024-04-03 16:16:59.560 [INFO] pid[21142]: http server started listening on [:8000]
2024-04-03 16:16:59.563 [INFO] {b86e93b22eb7c217f2b6785d23034dc2} openapi specification is serving at address: http://127.0.0.1:8000/api.json

     ADDRESS    | METHOD |       ROUTE        |                         HANDLER                          |           MIDDLEWARE             
----------------|--------|--------------------|----------------------------------------------------------|----------------------------------
  :8000,tls:443 | ALL    | /*                 | github.com/gogf/gf/v2/net/ghttp.MiddlewareCORS           | GLOBAL MIDDLEWARE                
----------------|--------|--------------------|----------------------------------------------------------|----------------------------------
  :8000,tls:443 | ALL    | /api.json          | github.com/gogf/gf/v2/net/ghttp.(*Server).openapiSpec    |                                  
----------------|--------|--------------------|----------------------------------------------------------|----------------------------------
  :8000,tls:443 | POST   | /api/system/login  | sims/internal/controller/system.(*ControllerV1).Login    | ghttp.MiddlewareHandlerResponse  
----------------|--------|--------------------|----------------------------------------------------------|----------------------------------
  :8000,tls:443 | GET    | /api/system/logout | sims/internal/controller/system.(*ControllerV1).Logout   | ghttp.MiddlewareHandlerResponse  
----------------|--------|--------------------|----------------------------------------------------------|----------------------------------
  :8000,tls:443 | GET    | /api/user/list     | sims/internal/controller/user.(*ControllerV1).UserSearch | ghttp.MiddlewareHandlerResponse  
                |        |                    |                                                          | service.IMiddleware.Auth         
----------------|--------|--------------------|----------------------------------------------------------|----------------------------------
  :8000,tls:443 | ALL    | /swagger/*         | github.com/gogf/gf/v2/net/ghttp.(*Server).swaggerUI      | HOOK_BEFORE_SERVE                
----------------|--------|--------------------|----------------------------------------------------------|----------------------------------

2024-04-03 16:19:13.529 [INFO] pid[21142]: all servers shutdown
2024-04-03 16:19:15.856 [INFO] pid[21786]: http server started listening on [:8000]
2024-04-03 16:19:15.857 [INFO] {305a316e4eb7c21768e72d0874bd79b5} swagger ui is serving at address: http://127.0.0.1:8000/swagger/
2024-04-03 16:19:15.857 [INFO] {305a316e4eb7c21768e72d0874bd79b5} openapi specification is serving at address: http://127.0.0.1:8000/api.json

     ADDRESS    | METHOD |       ROUTE        |                         HANDLER                          |           MIDDLEWARE             
----------------|--------|--------------------|----------------------------------------------------------|----------------------------------
  :8000,tls:443 | ALL    | /*                 | github.com/gogf/gf/v2/net/ghttp.MiddlewareCORS           | GLOBAL MIDDLEWARE                
----------------|--------|--------------------|----------------------------------------------------------|----------------------------------
  :8000,tls:443 | ALL    | /api.json          | github.com/gogf/gf/v2/net/ghttp.(*Server).openapiSpec    |                                  
----------------|--------|--------------------|----------------------------------------------------------|----------------------------------
  :8000,tls:443 | POST   | /api/system/login  | sims/internal/controller/system.(*ControllerV1).Login    | ghttp.MiddlewareHandlerResponse  
----------------|--------|--------------------|----------------------------------------------------------|----------------------------------
  :8000,tls:443 | GET    | /api/system/logout | sims/internal/controller/system.(*ControllerV1).Logout   | ghttp.MiddlewareHandlerResponse  
----------------|--------|--------------------|----------------------------------------------------------|----------------------------------
  :8000,tls:443 | GET    | /api/user/list     | sims/internal/controller/user.(*ControllerV1).UserSearch | ghttp.MiddlewareHandlerResponse  
                |        |                    |                                                          | service.IMiddleware.Auth         
----------------|--------|--------------------|----------------------------------------------------------|----------------------------------
  :8000,tls:443 | ALL    | /swagger/*         | github.com/gogf/gf/v2/net/ghttp.(*Server).swaggerUI      | HOOK_BEFORE_SERVE                
----------------|--------|--------------------|----------------------------------------------------------|----------------------------------

2024-04-03 16:20:21.467 [INFO] pid[21786]: all servers shutdown
2024-04-03 16:20:23.600 [INFO] pid[22101]: http server started listening on [:8000]
2024-04-03 16:20:23.600 [INFO] {801320345eb7c217f2ae3a051125550f} swagger ui is serving at address: http://127.0.0.1:8000/swagger/
2024-04-03 16:20:23.600 [INFO] {801320345eb7c217f2ae3a051125550f} openapi specification is serving at address: http://127.0.0.1:8000/api.json

     ADDRESS    | METHOD |       ROUTE        |                         HANDLER                          |           MIDDLEWARE             
----------------|--------|--------------------|----------------------------------------------------------|----------------------------------
  :8000,tls:443 | ALL    | /*                 | github.com/gogf/gf/v2/net/ghttp.MiddlewareCORS           | GLOBAL MIDDLEWARE                
----------------|--------|--------------------|----------------------------------------------------------|----------------------------------
  :8000,tls:443 | ALL    | /api.json          | github.com/gogf/gf/v2/net/ghttp.(*Server).openapiSpec    |                                  
----------------|--------|--------------------|----------------------------------------------------------|----------------------------------
  :8000,tls:443 | POST   | /api/system/login  | sims/internal/controller/system.(*ControllerV1).Login    | ghttp.MiddlewareHandlerResponse  
----------------|--------|--------------------|----------------------------------------------------------|----------------------------------
  :8000,tls:443 | GET    | /api/system/logout | sims/internal/controller/system.(*ControllerV1).Logout   | ghttp.MiddlewareHandlerResponse  
----------------|--------|--------------------|----------------------------------------------------------|----------------------------------
  :8000,tls:443 | GET    | /api/user/list     | sims/internal/controller/user.(*ControllerV1).UserSearch | ghttp.MiddlewareHandlerResponse  
                |        |                    |                                                          | service.IMiddleware.Auth         
----------------|--------|--------------------|----------------------------------------------------------|----------------------------------
  :8000,tls:443 | ALL    | /swagger/*         | github.com/gogf/gf/v2/net/ghttp.(*Server).swaggerUI      | HOOK_BEFORE_SERVE                
----------------|--------|--------------------|----------------------------------------------------------|----------------------------------

2024-04-03 16:44:50.375 [INFO] pid[22101]: all servers shutdown
2024-04-03 16:44:58.250 [INFO] pid[28048]: http server started listening on [:8000]
2024-04-03 16:44:58.250 [INFO] {90b71f8cb5b8c217c3d3100333b345b7} swagger ui is serving at address: http://127.0.0.1:8000/swagger/
2024-04-03 16:44:58.250 [INFO] {90b71f8cb5b8c217c3d3100333b345b7} openapi specification is serving at address: http://127.0.0.1:8000/api.json

     ADDRESS    | METHOD |       ROUTE        |                         HANDLER                          |           MIDDLEWARE             
----------------|--------|--------------------|----------------------------------------------------------|----------------------------------
  :8000,tls:443 | ALL    | /*                 | github.com/gogf/gf/v2/net/ghttp.MiddlewareCORS           | GLOBAL MIDDLEWARE                
----------------|--------|--------------------|----------------------------------------------------------|----------------------------------
  :8000,tls:443 | ALL    | /api.json          | github.com/gogf/gf/v2/net/ghttp.(*Server).openapiSpec    |                                  
----------------|--------|--------------------|----------------------------------------------------------|----------------------------------
  :8000,tls:443 | POST   | /api/system/login  | sims/internal/controller/system.(*ControllerV1).Login    | ghttp.MiddlewareHandlerResponse  
----------------|--------|--------------------|----------------------------------------------------------|----------------------------------
  :8000,tls:443 | GET    | /api/system/logout | sims/internal/controller/system.(*ControllerV1).Logout   | ghttp.MiddlewareHandlerResponse  
----------------|--------|--------------------|----------------------------------------------------------|----------------------------------
  :8000,tls:443 | GET    | /api/user/list     | sims/internal/controller/user.(*ControllerV1).UserSearch | ghttp.MiddlewareHandlerResponse  
                |        |                    |                                                          | service.IMiddleware.Auth         
----------------|--------|--------------------|----------------------------------------------------------|----------------------------------
  :8000,tls:443 | ALL    | /swagger/*         | github.com/gogf/gf/v2/net/ghttp.(*Server).swaggerUI      | HOOK_BEFORE_SERVE                
----------------|--------|--------------------|----------------------------------------------------------|----------------------------------

2024-04-03 16:46:06.703 [INFO] pid[28048]: all servers shutdown
2024-04-03 16:46:09.079 [INFO] pid[28363]: http server started listening on [:8000]
2024-04-03 16:46:09.080 [INFO] {88167209c6b8c217e58c1a332f327092} swagger ui is serving at address: http://127.0.0.1:8000/swagger/
2024-04-03 16:46:09.080 [INFO] {88167209c6b8c217e58c1a332f327092} openapi specification is serving at address: http://127.0.0.1:8000/api.json

     ADDRESS    | METHOD |       ROUTE        |                         HANDLER                          |           MIDDLEWARE             
----------------|--------|--------------------|----------------------------------------------------------|----------------------------------
  :8000,tls:443 | ALL    | /*                 | github.com/gogf/gf/v2/net/ghttp.MiddlewareCORS           | GLOBAL MIDDLEWARE                
----------------|--------|--------------------|----------------------------------------------------------|----------------------------------
  :8000,tls:443 | ALL    | /api.json          | github.com/gogf/gf/v2/net/ghttp.(*Server).openapiSpec    |                                  
----------------|--------|--------------------|----------------------------------------------------------|----------------------------------
  :8000,tls:443 | POST   | /api/system/login  | sims/internal/controller/system.(*ControllerV1).Login    | ghttp.MiddlewareHandlerResponse  
----------------|--------|--------------------|----------------------------------------------------------|----------------------------------
  :8000,tls:443 | GET    | /api/system/logout | sims/internal/controller/system.(*ControllerV1).Logout   | ghttp.MiddlewareHandlerResponse  
----------------|--------|--------------------|----------------------------------------------------------|----------------------------------
  :8000,tls:443 | GET    | /api/user/list     | sims/internal/controller/user.(*ControllerV1).UserSearch | ghttp.MiddlewareHandlerResponse  
                |        |                    |                                                          | service.IMiddleware.Auth         
----------------|--------|--------------------|----------------------------------------------------------|----------------------------------
  :8000,tls:443 | ALL    | /swagger/*         | github.com/gogf/gf/v2/net/ghttp.(*Server).swaggerUI      | HOOK_BEFORE_SERVE                
----------------|--------|--------------------|----------------------------------------------------------|----------------------------------

2024-04-03 18:20:00.762 [INFO] pid[28363]: all servers shutdown
