2024-03-26 13:29:51.119 [DEBU] {309a25396b39c0175d99cf20d2cba7bd} [ 34 ms] [default] [sims] [rows:2  ] SHOW TABLES
2024-03-26 13:29:51.128 [DEBU] {309a25396b39c0175d99cf20d2cba7bd} [  8 ms] [default] [sims] [rows:6  ] SHOW FULL COLUMNS FROM `user`
2024-03-26 13:29:51.147 [DEBU] {309a25396b39c0175d99cf20d2cba7bd} [ 18 ms] [default] [sims] [rows:1  ] SELECT `ID`,`password`,`name`,`user_name`,`phone`,`email` FROM `user` WHERE `password`='aaa' LIMIT 1
2024-03-26 13:29:56.946 [DEBU] {d8bd78966c39c0176199cf2072d8468d} [  1 ms] [default] [sims] [rows:2  ] SELECT `ID`,`name`,`user_name`,`phone`,`email` FROM `user`
2024-03-26 13:29:57.732 [DEBU] {c0633ec56c39c0176499cf20c82e334d} [  2 ms] [default] [sims] [rows:2  ] SELECT `ID`,`name`,`user_name`,`phone`,`email` FROM `user`
2024-03-26 13:29:59.011 [DEBU] {70ec86116d39c0176799cf20205c6e6a} [  1 ms] [default] [sims] [rows:2  ] SELECT `ID`,`name`,`user_name`,`phone`,`email` FROM `user`
2024-03-26 13:29:59.764 [DEBU] {40d24e3e6d39c0176a99cf20c685d0a2} [  3 ms] [default] [sims] [rows:2  ] SELECT `ID`,`name`,`user_name`,`phone`,`email` FROM `user`
2024-03-26 16:41:38.099 [DEBU] {30550a68e243c0178299cf2020c5580a} [ 10 ms] [default] [sims] [rows:0  ] SELECT `ID`,`password`,`name`,`user_name`,`phone`,`email` FROM `user` WHERE `password`='aaaa' LIMIT 1
2024-03-26 16:41:55.167 [DEBU] {b0dfbb61e643c0178499cf20bfec0d74} [  5 ms] [default] [sims] [rows:1  ] SELECT `ID`,`password`,`name`,`user_name`,`phone`,`email` FROM `user` WHERE `password`='bbb' LIMIT 1
2024-03-26 16:44:20.084 [DEBU] {6833621f0844c017ace2ee588fb71a15} [  6 ms] [default] [sims] [rows:2  ] SHOW TABLES
2024-03-26 16:44:20.090 [DEBU] {6833621f0844c017ace2ee588fb71a15} [  5 ms] [default] [sims] [rows:6  ] SHOW FULL COLUMNS FROM `user`
2024-03-26 16:44:20.092 [DEBU] {6833621f0844c017ace2ee588fb71a15} [  2 ms] [default] [sims] [rows:0  ] SELECT `ID`,`password`,`name`,`user_name`,`phone`,`email` FROM `user` WHERE `password`='aaaa' LIMIT 1
2024-03-26 16:45:12.826 [DEBU] {d09200671444c017ee69bb43c9afbaed} [  6 ms] [default] [sims] [rows:2  ] SHOW TABLES
2024-03-26 16:45:12.832 [DEBU] {d09200671444c017ee69bb43c9afbaed} [  4 ms] [default] [sims] [rows:6  ] SHOW FULL COLUMNS FROM `user`
2024-03-26 16:45:12.836 [DEBU] {d09200671444c017ee69bb43c9afbaed} [  3 ms] [default] [sims] [rows:0  ] SELECT `ID`,`password`,`name`,`user_name`,`phone`,`email` FROM `user` WHERE `password`='aaaa' LIMIT 1
2024-03-26 16:45:30.132 [DEBU] {303906e01644c017f069bb43a209a953} [  3 ms] [default] [sims] [rows:0  ] SELECT `ID`,`password`,`name`,`user_name`,`phone`,`email` FROM `user` WHERE `password`='aaaa' LIMIT 1
2024-03-26 16:46:14.675 [DEBU] {00b32ccd2244c017f269bb437314c5d4} [ 12 ms] [default] [sims] [rows:0  ] SELECT `ID`,`password`,`name`,`user_name`,`phone`,`email` FROM `user` WHERE `password`='aaaa' LIMIT 1
2024-03-26 16:46:35.335 [DEBU] {88b8479d2744c017f469bb4332ff9723} [  1 ms] [default] [sims] [rows:1  ] SELECT `ID`,`password`,`name`,`user_name`,`phone`,`email` FROM `user` WHERE `password`='aaa' LIMIT 1
2024-03-26 16:47:27.511 [DEBU] {78926b193144c017f869bb4371f9bc45} [  3 ms] [default] [sims] [rows:2  ] SELECT `ID`,`name`,`user_name`,`phone`,`email` FROM `user`
2024-03-26 16:47:39.199 [DEBU] {f01b0a483544c017fb69bb436e109206} [  2 ms] [default] [sims] [rows:2  ] SELECT `ID`,`name`,`user_name`,`phone`,`email` FROM `user`
2024-03-26 16:50:01.775 [DEBU] {c081cead5744c017fe69bb432501f497} [  3 ms] [default] [sims] [rows:2  ] SELECT `ID`,`name`,`user_name`,`phone`,`email` FROM `user`
2024-03-26 16:50:56.822 [DEBU] {5812d77e6444c017016abb4370df9293} [  3 ms] [default] [sims] [rows:2  ] SELECT `ID`,`name`,`user_name`,`phone`,`email` FROM `user`
2024-03-26 16:55:32.205 [DEBU] {70b4f59ca444c017046abb431546a467} [  3 ms] [default] [sims] [rows:2  ] SELECT `ID`,`name`,`user_name`,`phone`,`email` FROM `user`
2024-03-26 17:00:43.010 [DEBU] {48b215faec44c017146abb43b06e24c5} [ 10 ms] [default] [sims] [rows:1  ] SELECT `ID`,`password`,`name`,`user_name`,`phone`,`email` FROM `user` WHERE `password`='aaa' LIMIT 1
